value=
val_type=shmem_wave
data_type=double
value_id=45350972
semaphore_id=65536
eval_id=
value=
val_type=shmem_wave
data_type=double
value_id=45350972
semaphore_id=65536
eval_id=
value=
val_type=shmem_wave
data_type=double
value_id=45350972
semaphore_id=65536
eval_id=
value=
val_type=shmem_wave
data_type=double
value_id=45350972
semaphore_id=65536
eval_id=
value=
val_type=shmem_wave
data_type=double
value_id=47743036
semaphore_id=65536
eval_id=
value=
val_type=shmem_wave
data_type=double
value_id=47743036
semaphore_id=65536
eval_id=
value=
val_type=shmem_wave
data_type=double
value_id=47743036
semaphore_id=65536
eval_id=
value=
val_type=shmem_wave
data_type=double
value_id=47743036
semaphore_id=65536
eval_id=
value=
val_type=shmem_wave
data_type=double
value_id=47939644
semaphore_id=65536
eval_id=
value=
val_type=shmem_wave
data_type=double
value_id=47939644
semaphore_id=65536
eval_id=
value=
val_type=shmem_wave
data_type=double
value_id=47939644
semaphore_id=65536
eval_id=
value=
val_type=shmem_wave
data_type=double
value_id=47939644
semaphore_id=65536
eval_id=
value=
val_type=shmem_wave
data_type=double
value_id=47939644
semaphore_id=65536
eval_id=
value=
val_type=shmem_wave
data_type=double
value_id=47939644
semaphore_id=65536
eval_id=
value=
val_type=shmem_wave
data_type=double
value_id=47939644
semaphore_id=65536
eval_id=
value=
val_type=shmem_wave
data_type=double
value_id=52396053
semaphore_id=65536
eval_id=
value=
val_type=shmem_wave
data_type=double
value_id=52396053
semaphore_id=65536
eval_id=
value=
val_type=shmem_wave
data_type=double
value_id=52396053
semaphore_id=65536
eval_id=
value=
val_type=shmem_wave
data_type=double
value_id=52396053
semaphore_id=65536
eval_id=
value=
val_type=shmem_wave
data_type=double
value_id=52396053
semaphore_id=65536
eval_id=
value=
val_type=shmem_wave
data_type=double
value_id=52396053
semaphore_id=65536
eval_id=
value=
val_type=shmem_wave
data_type=double
value_id=52396053
semaphore_id=65536
eval_id=
value=
val_type=shmem_wave
data_type=double
value_id=52396053
semaphore_id=65536
eval_id=
value=
val_type=shmem_wave
data_type=double
value_id=52396053
semaphore_id=65536
eval_id=
value=
val_type=shmem_wave
data_type=double
value_id=52396053
semaphore_id=65536
eval_id=
value=
val_type=shmem_wave
data_type=double
value_id=52396053
semaphore_id=65536
eval_id=
value=
val_type=shmem_wave
data_type=double
value_id=52396053
semaphore_id=65536
eval_id=
value=
val_type=shmem_wave
data_type=double
value_id=52396053
semaphore_id=65536
eval_id=
value=
val_type=shmem_wave
data_type=double
value_id=52396053
semaphore_id=65536
eval_id=
value=
val_type=shmem_wave
data_type=double
value_id=52396053
semaphore_id=65536
eval_id=
value=
val_type=shmem_wave
data_type=double
value_id=52396053
semaphore_id=65536
eval_id=
value=
val_type=shmem_wave
data_type=double
value_id=52396053
semaphore_id=65536
eval_id=
value=
val_type=shmem_wave
data_type=double
value_id=52396053
semaphore_id=65536
eval_id=
value=
val_type=shmem_wave
data_type=double
value_id=52396053
semaphore_id=65536
eval_id=
value=
val_type=shmem_wave
data_type=double
value_id=52396053
semaphore_id=65536
eval_id=
value=
val_type=shmem_wave
data_type=double
value_id=52396053
semaphore_id=65536
eval_id=
value=
val_type=shmem_wave
data_type=double
value_id=52396053
semaphore_id=65536
eval_id=
value=
val_type=shmem_wave
data_type=double
value_id=52396053
semaphore_id=65536
eval_id=
value=
val_type=shmem_wave
data_type=double
value_id=52396053
semaphore_id=65536
eval_id=
value=
val_type=shmem_wave
data_type=double
value_id=52396053
semaphore_id=65536
eval_id=
value=
val_type=shmem_wave
data_type=double
value_id=52396053
semaphore_id=65536
eval_id=
value=
val_type=shmem_wave
data_type=double
value_id=52396053
semaphore_id=65536
eval_id=
value=
val_type=shmem_wave
data_type=double
value_id=52396053
semaphore_id=65536
eval_id=
value=
val_type=shmem_wave
data_type=double
value_id=52396053
semaphore_id=65536
eval_id=
value=
val_type=shmem_wave
data_type=double
value_id=52396053
semaphore_id=65536
eval_id=
value=
val_type=shmem_wave
data_type=double
value_id=52396053
semaphore_id=65536
eval_id=
value=
val_type=shmem_wave
data_type=double
value_id=52396053
semaphore_id=65536
eval_id=
value=
val_type=shmem_wave
data_type=double
value_id=52396053
semaphore_id=65536
eval_id=
value=
val_type=shmem_wave
data_type=double
value_id=52396053
semaphore_id=65536
eval_id=
value=
val_type=shmem_wave
data_type=double
value_id=52396053
semaphore_id=65536
eval_id=
value=
val_type=shmem_wave
data_type=double
value_id=52396053
semaphore_id=65536
eval_id=
value=
val_type=shmem_wave
data_type=double
value_id=52396053
semaphore_id=65536
eval_id=
value=
val_type=shmem_wave
data_type=double
value_id=52396053
semaphore_id=65536
eval_id=
value=
val_type=shmem_wave
data_type=double
value_id=52396053
semaphore_id=65536
eval_id=
value=
val_type=shmem_wave
data_type=double
value_id=52396053
semaphore_id=65536
eval_id=
value=
val_type=shmem_wave
data_type=double
value_id=52396053
semaphore_id=65536
eval_id=
value=
val_type=shmem_wave
data_type=double
value_id=52396053
semaphore_id=65536
eval_id=
value=
val_type=shmem_wave
data_type=double
value_id=66748437
semaphore_id=65536
eval_id=
value=
val_type=shmem_wave
data_type=double
value_id=66748437
semaphore_id=65536
eval_id=
